[2025-05-12 13:30:18.750 TRACE examples/basic_usage.rs:18] This is a TRACE message
[2025-05-12 13:30:18.750 DEBUG examples/basic_usage.rs:19] This is a DEBUG message
[2025-05-12 13:30:18.750 INFO examples/basic_usage.rs:20] This is an INFO message
[2025-05-12 13:30:18.750 WARN examples/basic_usage.rs:21] This is a WARNING message
[2025-05-12 13:30:18.750 ERROR examples/basic_usage.rs:22] This is an ERROR message
[2025-05-12 13:30:18.750 INFO examples/basic_usage.rs:26] Application is running... iteration 1
[2025-05-12 13:30:19.250 INFO examples/basic_usage.rs:26] Application is running... iteration 2
[2025-05-12 13:30:19.750 INFO examples/basic_usage.rs:26] Application is running... iteration 3
[2025-05-12 13:30:20.251 INFO examples/basic_usage.rs:26] Application is running... iteration 4
[2025-05-12 13:30:20.751 INFO examples/basic_usage.rs:26] Application is running... iteration 5
[2025-05-12 13:30:21.251 INFO examples/basic_usage.rs:31] Application finished successfully
[2025-05-12 13:37:40.792 TRACE examples/basic_usage.rs:18] This is a TRACE message
[2025-05-12 13:37:40.792 DEBUG examples/basic_usage.rs:19] This is a DEBUG message
[2025-05-12 13:37:40.792 INFO examples/basic_usage.rs:20] This is an INFO message
[2025-05-12 13:37:40.792 WARN examples/basic_usage.rs:21] This is a WARNING message
[2025-05-12 13:37:40.792 ERROR examples/basic_usage.rs:22] This is an ERROR message
[2025-05-12 13:37:40.792 INFO examples/basic_usage.rs:26] Application is running... iteration 1
[2025-05-12 13:37:41.292 INFO examples/basic_usage.rs:26] Application is running... iteration 2
[2025-05-12 13:37:41.792 INFO examples/basic_usage.rs:26] Application is running... iteration 3
[2025-05-12 13:37:42.293 INFO examples/basic_usage.rs:26] Application is running... iteration 4
[2025-05-12 13:37:42.793 INFO examples/basic_usage.rs:26] Application is running... iteration 5
[2025-05-12 13:37:43.293 INFO examples/basic_usage.rs:31] Application finished successfully
[2025-05-12 13:42:00.921 TRACE examples/basic_usage.rs:18] This is a TRACE message
[2025-05-12 13:42:00.921 DEBUG examples/basic_usage.rs:19] This is a DEBUG message
[2025-05-12 13:42:00.921 INFO examples/basic_usage.rs:20] This is an INFO message
[2025-05-12 13:42:00.921 WARN examples/basic_usage.rs:21] This is a WARNING message
[2025-05-12 13:42:00.921 ERROR examples/basic_usage.rs:22] This is an ERROR message
[2025-05-12 13:42:00.921 INFO examples/basic_usage.rs:26] Application is running... iteration 1
[2025-05-12 13:42:01.421 INFO examples/basic_usage.rs:26] Application is running... iteration 2
[2025-05-12 13:42:01.921 INFO examples/basic_usage.rs:26] Application is running... iteration 3
[2025-05-12 13:42:02.422 INFO examples/basic_usage.rs:26] Application is running... iteration 4
[2025-05-12 13:42:02.922 INFO examples/basic_usage.rs:26] Application is running... iteration 5
[2025-05-12 13:42:03.422 INFO examples/basic_usage.rs:31] Application finished successfully
[2025-05-12 13:56:48 TRACE examples/basic_usage.rs:27] This is a TRACE message
[2025-05-12 13:56:48 DEBUG examples/basic_usage.rs:28] This is a DEBUG message
[2025-05-12 13:56:48 INFO examples/basic_usage.rs:29] This is an INFO message
[2025-05-12 13:56:48 WARN examples/basic_usage.rs:30] This is a WARNING message
[2025-05-12 13:56:48 ERROR examples/basic_usage.rs:31] This is an ERROR message
[2025-05-12 13:56:48 INFO examples/basic_usage.rs:35] Application is running... iteration 1
[2025-05-12 13:56:49 INFO examples/basic_usage.rs:35] Application is running... iteration 2
[2025-05-12 13:56:49 INFO examples/basic_usage.rs:35] Application is running... iteration 3
[2025-05-12 13:56:50 INFO examples/basic_usage.rs:35] Application is running... iteration 4
[2025-05-12 13:56:50 INFO examples/basic_usage.rs:35] Application is running... iteration 5
[2025-05-12 13:56:51 INFO examples/basic_usage.rs:40] Application finished successfully
